────────────────────────────────────────────────────────────────────────────────────────────────────
🔹 Turn 1 - USER
────────────────────────────────────────────────────────────────────────────────────────────────────
  Video of a raccoon pirate eating flan at a cafe in Spain

────────────────────────────────────────────────────────────────────────────────────────────────────
🔸 ASSISTANT
────────────────────────────────────────────────────────────────────────────────────────────────────
  /workspace/dbdata/prompt-memory-
      entries/videos/task_01k489hqcxe6bt3zzv6vz6ne1f_gen_01k489j4kqecgrmbexvy4z5hkq.mp4

────────────────────────────────────────────────────────────────────────────────────────────────────

────────────────────────────────────────────────────────────────────────────────────────────────────
🔹 Turn 1 - USER
────────────────────────────────────────────────────────────────────────────────────────────────────
  Video of a raccoon pirate eating a croissant at a cafe in France

────────────────────────────────────────────────────────────────────────────────────────────────────
🔸 ASSISTANT
────────────────────────────────────────────────────────────────────────────────────────────────────
  /workspace/dbdata/prompt-memory-
      entries/videos/task_01k489jgjcf63sqgqah116bm93_gen_01k489jww2evys2ymjwss8cc42.mp4

────────────────────────────────────────────────────────────────────────────────────────────────────